************* Module contributor_search_form
app\forms\contributor_search\contributor_search_form.py:48:0: R0914: Too many local variables (22/15) (too-many-locals)
app\forms\contributor_search\contributor_search_form.py:48:0: R0911: Too many return statements (9/6) (too-many-return-statements)
app\forms\contributor_search\contributor_search_form.py:48:0: R0912: Too many branches (13/12) (too-many-branches)
app\forms\contributor_search\contributor_search_form.py:48:0: R0915: Too many statements (99/50) (too-many-statements)
************* Module edit_form
app\forms\edit_form\edit_form.py:12:0: R0914: Too many local variables (16/15) (too-many-locals)
************* Module view_form
app\forms\view_form\view_form.py:4:0: C0411: third party import "from flask import render_template, Blueprint, request" should be placed before "from app.utilities.helpers import forms_connect_to_eureka" (wrong-import-order)
app\forms\view_form\view_form.py:4:0: C0412: Imports from package flask are not grouped (ungrouped-imports)
app\forms\view_form\view_form.py:5:0: C0412: Imports from package app are not grouped (ungrouped-imports)
************* Module helpers
app\utilities\helpers.py:136:0: C0330: Wrong continued indentation (add 13 spaces).
                                                                [index][updated_key]})
                                                                ^            | (bad-continuation)
app\utilities\helpers.py:130:16: W0612: Unused variable 'error' (unused-variable)
app\utilities\helpers.py:145:4: R1703: The if statement can be replaced with 'return bool(test)' (simplifiable-if-statement)
app\utilities\helpers.py:145:4: R1705: Unnecessary "else" after "return" (no-else-return)

------------------------------------------------------------------
Your code has been rated at 9.76/10 (previous run: 9.97/10, -0.20)

